<?xml version="1.0" encoding="UTF-8"?>
<!-- Generated by org.testng.reporters.JUnitReportReporter -->
<testsuite hostname="sys-PC" name="abcpack.AutoCompleteDemo" tests="2" failures="0" timestamp="16 Aug 2016 04:05:07 GMT" time="30.304" errors="0">
  <testcase name="testAutocomplete" time="15.126" classname="abcpack.AutoCompleteDemo"/>
  <testcase name="testAutocomplete" time="15.178" classname="abcpack.AutoCompleteDemo"/>
</testsuite> <!-- abcpack.AutoCompleteDemo -->
