<?xml version="1.0" encoding="UTF-8"?>
<!-- Generated by org.testng.reporters.JUnitReportReporter -->
<testsuite hostname="sys-PC" name="abcpack.LinksDemo" tests="2" failures="0" timestamp="16 Aug 2016 04:05:07 GMT" time="25.847" errors="0">
  <testcase name="testHistory" time="12.242" classname="abcpack.LinksDemo"/>
  <testcase name="testHistory" time="13.605" classname="abcpack.LinksDemo"/>
</testsuite> <!-- abcpack.LinksDemo -->
