<?xml version="1.0" encoding="UTF-8"?>
<!-- Generated by org.testng.reporters.JUnitReportReporter -->
<testsuite hostname="LENOVO-G50" name="abcpack.PriorityTest" tests="4" failures="0" timestamp="14 Oct 2016 04:40:02 GMT" time="0.025" errors="0">
  <testcase name="meth2" time="0.002" classname="abcpack.PriorityTest"/>
  <testcase name="meth3" time="0.005" classname="abcpack.PriorityTest"/>
  <testcase name="meth1" time="0.003" classname="abcpack.PriorityTest"/>
  <testcase name="meth4" time="0.015" classname="abcpack.PriorityTest"/>
</testsuite> <!-- abcpack.PriorityTest -->
